2026-06-19T08:24:24.065Z  [CACHE]  HIT  flutter.releases
2026-06-19T08:24:24.065Z  [INFO ]  Scan started — 26 packages
2026-06-19T08:24:24.065Z  [INFO ]  [1/26] build_runner
2026-06-19T08:24:24.065Z  [INFO ]  Known issue: active
2026-06-19T08:24:24.065Z  [CACHE]  HIT  pub.info.build_runner
2026-06-19T08:24:24.066Z  [CACHE]  HIT  pub.metrics.build_runner
2026-06-19T08:24:24.066Z  [CACHE]  HIT  pub.publisher.build_runner
2026-06-19T08:24:24.066Z  [CACHE]  MISS pub.reverseDeps.build_runner
2026-06-19T08:24:24.066Z  [API  ]  GET https://pub.dev/packages?q=dependency%3Abuild_runner
2026-06-19T08:24:24.078Z  [INFO ]  [2/26] drift
2026-06-19T08:24:24.078Z  [INFO ]  Known issue: active
2026-06-19T08:24:24.078Z  [CACHE]  HIT  pub.info.drift
2026-06-19T08:24:24.078Z  [CACHE]  HIT  pub.metrics.drift
2026-06-19T08:24:24.078Z  [CACHE]  HIT  pub.publisher.drift
2026-06-19T08:24:24.078Z  [CACHE]  MISS pub.reverseDeps.drift
2026-06-19T08:24:24.078Z  [API  ]  GET https://pub.dev/packages?q=dependency%3Adrift
2026-06-19T08:24:24.092Z  [INFO ]  [3/26] drift_dev
2026-06-19T08:24:24.092Z  [CACHE]  HIT  pub.info.drift_dev
2026-06-19T08:24:24.092Z  [CACHE]  HIT  pub.metrics.drift_dev
2026-06-19T08:24:24.092Z  [CACHE]  HIT  pub.publisher.drift_dev
2026-06-19T08:24:24.092Z  [CACHE]  MISS pub.reverseDeps.drift_dev
2026-06-19T08:24:24.092Z  [API  ]  GET https://pub.dev/packages?q=dependency%3Adrift_dev
2026-06-19T08:24:27.095Z  [API  ]  200 OK (3003ms)
2026-06-19T08:24:27.096Z  [API  ]  200 OK (3030ms)
2026-06-19T08:24:27.097Z  [API  ]  200 OK (3019ms)
2026-06-19T08:24:28.523Z  [CACHE]  HIT  gh.dart-lang.build
2026-06-19T08:24:28.523Z  [CACHE]  HIT  pub.archiveSize.build_runner
2026-06-19T08:24:28.523Z  [CACHE]  HIT  pub.tarball.rb7ol1
2026-06-19T08:24:28.524Z  [SCORE]  build_runner → 77 (vibrant) [rv=97 eg=60 pop=52.28 pt=-5 pq=8.75]
2026-06-19T08:24:28.524Z  [INFO ]  [4/26] fl_chart
2026-06-19T08:24:28.524Z  [INFO ]  Known issue: active
2026-06-19T08:24:28.524Z  [CACHE]  HIT  pub.info.fl_chart
2026-06-19T08:24:28.524Z  [CACHE]  HIT  pub.metrics.fl_chart
2026-06-19T08:24:28.524Z  [CACHE]  HIT  pub.publisher.fl_chart
2026-06-19T08:24:28.524Z  [CACHE]  MISS pub.reverseDeps.fl_chart
2026-06-19T08:24:28.524Z  [API  ]  GET https://pub.dev/packages?q=dependency%3Afl_chart
2026-06-19T08:24:28.840Z  [CACHE]  HIT  gh.simolus3.drift
2026-06-19T08:24:28.841Z  [CACHE]  HIT  pub.archiveSize.drift
2026-06-19T08:24:28.841Z  [CACHE]  HIT  pub.tarball.ovsidk
2026-06-19T08:24:28.841Z  [SCORE]  drift → 83.1 (vibrant) [rv=83.5 eg=68.94444444444444 pop=82.30000000000001 pt=-5 pq=10]
2026-06-19T08:24:28.841Z  [INFO ]  [5/26] flutter_blue_plus
2026-06-19T08:24:28.841Z  [CACHE]  MISS pub.info.flutter_blue_plus
2026-06-19T08:24:28.841Z  [API  ]  GET https://pub.dev/api/packages/flutter_blue_plus
2026-06-19T08:24:28.854Z  [CACHE]  HIT  pub.metrics.flutter_blue_plus
2026-06-19T08:24:28.854Z  [CACHE]  HIT  pub.publisher.flutter_blue_plus
2026-06-19T08:24:28.854Z  [CACHE]  MISS pub.reverseDeps.flutter_blue_plus
2026-06-19T08:24:28.854Z  [API  ]  GET https://pub.dev/packages?q=dependency%3Aflutter_blue_plus
2026-06-19T08:24:28.884Z  [CACHE]  HIT  gh.simolus3.drift
2026-06-19T08:24:28.884Z  [CACHE]  HIT  pub.archiveSize.drift_dev
2026-06-19T08:24:28.884Z  [API  ]  GET https://pub.dev/api/packages/drift_dev
2026-06-19T08:24:28.916Z  [API  ]  200 OK (392ms)
2026-06-19T08:24:28.981Z  [API  ]  200 OK (140ms)
2026-06-19T08:24:29.201Z  [CACHE]  HIT  gh.imaNNeo.fl_chart
2026-06-19T08:24:29.201Z  [CACHE]  HIT  pub.archiveSize.fl_chart
2026-06-19T08:24:29.201Z  [CACHE]  MISS pub.tarball.4jif70
2026-06-19T08:24:29.201Z  [API  ]  GET https://pub.dev/api/archives/fl_chart-1.2.0.tar.gz
2026-06-19T08:24:29.376Z  [API  ]  200 OK (522ms)
2026-06-19T08:24:29.410Z  [API  ]  200 OK (209ms)
2026-06-19T08:24:29.649Z  [API  ]  200 OK (765ms)
2026-06-19T08:24:30.170Z  [CACHE]  HIT  pub.tarball.1ruz7y
2026-06-19T08:24:30.170Z  [SCORE]  drift_dev → 71.5 (vibrant) [rv=83.5 eg=68.94444444444444 pop=60.425000000000004 pt=-5 pq=5.625]
2026-06-19T08:24:30.170Z  [INFO ]  [6/26] flutter_dotenv
2026-06-19T08:24:30.170Z  [INFO ]  Known issue: active
2026-06-19T08:24:30.170Z  [CACHE]  HIT  pub.info.flutter_dotenv
2026-06-19T08:24:30.170Z  [CACHE]  MISS pub.metrics.flutter_dotenv
2026-06-19T08:24:30.170Z  [API  ]  GET https://pub.dev/api/packages/flutter_dotenv/metrics
2026-06-19T08:24:30.183Z  [API  ]  GET https://pub.dev/api/packages/flutter_dotenv/score
2026-06-19T08:24:30.195Z  [CACHE]  HIT  pub.publisher.flutter_dotenv
2026-06-19T08:24:30.195Z  [CACHE]  MISS pub.reverseDeps.flutter_dotenv
2026-06-19T08:24:30.195Z  [API  ]  GET https://pub.dev/packages?q=dependency%3Aflutter_dotenv
2026-06-19T08:24:30.332Z  [API  ]  200 OK (149ms)
2026-06-19T08:24:30.365Z  [CACHE]  HIT  gh.chipweinberger.flutter_blue_plus
2026-06-19T08:24:30.382Z  [CACHE]  HIT  pub.archiveSize.flutter_blue_plus
2026-06-19T08:24:30.384Z  [CACHE]  HIT  pub.tarball.qq24oo
2026-06-19T08:24:30.588Z  [API  ]  200 OK (418ms)
2026-06-19T08:24:30.592Z  [API  ]  200 OK (397ms)
2026-06-19T08:24:30.637Z  [CACHE]  MISS gh.java-james.flutter_dotenv
2026-06-19T08:24:30.637Z  [API  ]  GET https://api.github.com/repos/java-james/flutter_dotenv
2026-06-19T08:24:30.637Z  [API  ]  GET https://api.github.com/repos/java-james/flutter_dotenv/issues?state=closed&since=2026-03-21T08:24:30.637Z&per_page=100
2026-06-19T08:24:30.637Z  [API  ]  GET https://api.github.com/repos/java-james/flutter_dotenv/pulls?state=closed&per_page=100
2026-06-19T08:24:30.637Z  [API  ]  GET https://api.github.com/repos/java-james/flutter_dotenv/issues?state=open&sort=comments&direction=desc&per_page=50
2026-06-19T08:24:30.637Z  [API  ]  GET https://api.github.com/repos/java-james/flutter_dotenv/pulls?state=open&per_page=100
2026-06-19T08:24:32.001Z  [SCORE]  fl_chart → 63.1 (stable) [rv=52.5 eg=64.71232876712328 pop=100 pt=-5 pq=10]
2026-06-19T08:24:32.001Z  [INFO ]  [7/26] flutter_hooks
2026-06-19T08:24:32.001Z  [INFO ]  Known issue: end_of_life
2026-06-19T08:24:32.002Z  [CACHE]  MISS pub.info.flutter_hooks
2026-06-19T08:24:32.002Z  [API  ]  GET https://pub.dev/api/packages/flutter_hooks
2026-06-19T08:24:32.013Z  [CACHE]  MISS pub.metrics.flutter_hooks
2026-06-19T08:24:32.013Z  [API  ]  GET https://pub.dev/api/packages/flutter_hooks/metrics
2026-06-19T08:24:32.025Z  [API  ]  GET https://pub.dev/api/packages/flutter_hooks/score
2026-06-19T08:24:32.036Z  [CACHE]  HIT  pub.publisher.flutter_hooks
2026-06-19T08:24:32.036Z  [CACHE]  MISS pub.reverseDeps.flutter_hooks
2026-06-19T08:24:32.036Z  [API  ]  GET https://pub.dev/packages?q=dependency%3Aflutter_hooks
2026-06-19T08:24:36.658Z  [API  ]  200 OK (6021ms)
2026-06-19T08:24:36.658Z  [API  ]  200 OK (6021ms)
2026-06-19T08:24:36.658Z  [API  ]  200 OK (6021ms)
2026-06-19T08:24:36.658Z  [API  ]  200 OK (6021ms)
2026-06-19T08:24:36.658Z  [API  ]  200 OK (6021ms)
2026-06-19T08:24:36.870Z  [API  ]  200 OK (4868ms)
2026-06-19T08:24:36.923Z  [API  ]  200 OK (4910ms)
2026-06-19T08:24:36.940Z  [API  ]  200 OK (4904ms)
2026-06-19T08:24:37.006Z  [API  ]  200 OK (4981ms)
2026-06-19T08:24:37.315Z  [CACHE]  MISS gh.rrousselGit.flutter_hooks
2026-06-19T08:24:37.315Z  [API  ]  GET https://api.github.com/repos/rrousselGit/flutter_hooks
2026-06-19T08:24:37.315Z  [API  ]  GET https://api.github.com/repos/rrousselGit/flutter_hooks/issues?state=closed&since=2026-03-21T08:24:37.315Z&per_page=100
2026-06-19T08:24:37.315Z  [API  ]  GET https://api.github.com/repos/rrousselGit/flutter_hooks/pulls?state=closed&per_page=100
2026-06-19T08:24:37.315Z  [API  ]  GET https://api.github.com/repos/rrousselGit/flutter_hooks/issues?state=open&sort=comments&direction=desc&per_page=50
2026-06-19T08:24:37.315Z  [API  ]  GET https://api.github.com/repos/rrousselGit/flutter_hooks/pulls?state=open&per_page=100
2026-06-19T08:24:37.529Z  [SCORE]  flutter_blue_plus → 73.4 (vibrant) [rv=65.5 eg=72.5 pop=53.69 pt=-5 pq=8.75]
2026-06-19T08:24:37.529Z  [INFO ]  [8/26] flutter_lints
2026-06-19T08:24:37.529Z  [INFO ]  Known issue: active
2026-06-19T08:24:37.529Z  [CACHE]  MISS pub.info.flutter_lints
2026-06-19T08:24:37.529Z  [API  ]  GET https://pub.dev/api/packages/flutter_lints
2026-06-19T08:24:37.539Z  [CACHE]  MISS pub.metrics.flutter_lints
2026-06-19T08:24:37.539Z  [API  ]  GET https://pub.dev/api/packages/flutter_lints/metrics
2026-06-19T08:24:37.554Z  [API  ]  GET https://pub.dev/api/packages/flutter_lints/score
2026-06-19T08:24:37.565Z  [CACHE]  HIT  pub.publisher.flutter_lints
2026-06-19T08:24:37.565Z  [CACHE]  MISS pub.reverseDeps.flutter_lints
2026-06-19T08:24:37.565Z  [API  ]  GET https://pub.dev/packages?q=dependency%3Aflutter_lints
2026-06-19T08:24:37.635Z  [CACHE]  MISS pub.archiveSize.flutter_dotenv
2026-06-19T08:24:37.637Z  [API  ]  HEAD https://pub.dev/api/archives/flutter_dotenv-6.0.1.tar.gz
2026-06-19T08:24:37.651Z  [CACHE]  MISS pub.tarball.wgghza
2026-06-19T08:24:37.651Z  [API  ]  GET https://pub.dev/api/archives/flutter_dotenv-6.0.1.tar.gz
2026-06-19T08:24:37.899Z  [API  ]  200 OK (370ms)
2026-06-19T08:24:37.901Z  [API  ]  200 OK (362ms)
2026-06-19T08:24:37.961Z  [API  ]  200 OK (396ms)
2026-06-19T08:24:37.962Z  [API  ]  200 OK (408ms)
2026-06-19T08:24:37.980Z  [CACHE]  MISS gh.flutter.packages
2026-06-19T08:24:37.980Z  [API  ]  GET https://api.github.com/repos/flutter/packages
2026-06-19T08:24:37.980Z  [API  ]  GET https://api.github.com/repos/flutter/packages/issues?state=closed&since=2026-03-21T08:24:37.980Z&per_page=100
2026-06-19T08:24:37.980Z  [API  ]  GET https://api.github.com/repos/flutter/packages/pulls?state=closed&per_page=100
2026-06-19T08:24:37.980Z  [API  ]  GET https://api.github.com/repos/flutter/packages/issues?state=open&sort=comments&direction=desc&per_page=50
2026-06-19T08:24:37.980Z  [API  ]  GET https://api.github.com/repos/flutter/packages/pulls?state=open&per_page=100
2026-06-19T08:24:38.230Z  [API  ]  200 OK (593ms)
2026-06-19T08:24:38.260Z  [API  ]  200 OK (609ms)
2026-06-19T08:24:39.182Z  [SCORE]  flutter_dotenv → 50.4 (stable) [rv=26.5 eg=60.917808219178085 pop=52.46 pt=-5 pq=10]
2026-06-19T08:24:39.183Z  [INFO ]  [9/26] flutter_riverpod
2026-06-19T08:24:39.183Z  [INFO ]  Known issue: active
2026-06-19T08:24:39.183Z  [CACHE]  MISS pub.info.flutter_riverpod
2026-06-19T08:24:39.183Z  [API  ]  GET https://pub.dev/api/packages/flutter_riverpod
2026-06-19T08:24:39.200Z  [CACHE]  MISS pub.metrics.flutter_riverpod
2026-06-19T08:24:39.200Z  [API  ]  GET https://pub.dev/api/packages/flutter_riverpod/metrics
2026-06-19T08:24:39.214Z  [API  ]  GET https://pub.dev/api/packages/flutter_riverpod/score
2026-06-19T08:24:39.232Z  [CACHE]  HIT  pub.publisher.flutter_riverpod
2026-06-19T08:24:39.233Z  [CACHE]  MISS pub.reverseDeps.flutter_riverpod
2026-06-19T08:24:39.233Z  [API  ]  GET https://pub.dev/packages?q=dependency%3Aflutter_riverpod
2026-06-19T08:24:39.312Z  [API  ]  200 OK (1997ms)
2026-06-19T08:24:39.312Z  [API  ]  200 OK (1997ms)
2026-06-19T08:24:39.312Z  [API  ]  200 OK (1997ms)
2026-06-19T08:24:39.312Z  [API  ]  200 OK (1997ms)
2026-06-19T08:24:39.312Z  [API  ]  200 OK (1997ms)
2026-06-19T08:24:39.575Z  [API  ]  200 OK (392ms)
2026-06-19T08:24:39.614Z  [API  ]  200 OK (414ms)
2026-06-19T08:24:39.727Z  [API  ]  200 OK (513ms)
2026-06-19T08:24:39.940Z  [API  ]  200 OK (707ms)
2026-06-19T08:24:40.123Z  [CACHE]  MISS gh.rrousselGit.riverpod
2026-06-19T08:24:40.123Z  [API  ]  GET https://api.github.com/repos/rrousselGit/riverpod
2026-06-19T08:24:40.123Z  [API  ]  GET https://api.github.com/repos/rrousselGit/riverpod/issues?state=closed&since=2026-03-21T08:24:40.123Z&per_page=100
2026-06-19T08:24:40.123Z  [API  ]  GET https://api.github.com/repos/rrousselGit/riverpod/pulls?state=closed&per_page=100
2026-06-19T08:24:40.123Z  [API  ]  GET https://api.github.com/repos/rrousselGit/riverpod/issues?state=open&sort=comments&direction=desc&per_page=50
2026-06-19T08:24:40.123Z  [API  ]  GET https://api.github.com/repos/rrousselGit/riverpod/pulls?state=open&per_page=100
2026-06-19T08:24:40.220Z  [API  ]  200 OK (2240ms)
2026-06-19T08:24:40.220Z  [API  ]  200 OK (2240ms)
2026-06-19T08:24:40.220Z  [API  ]  200 OK (2240ms)
2026-06-19T08:24:40.220Z  [API  ]  200 OK (2240ms)
2026-06-19T08:24:40.220Z  [API  ]  200 OK (2240ms)
2026-06-19T08:24:40.317Z  [CACHE]  MISS pub.archiveSize.flutter_hooks
2026-06-19T08:24:40.321Z  [API  ]  HEAD https://pub.dev/api/archives/flutter_hooks-0.21.3%2B1.tar.gz
2026-06-19T08:24:40.336Z  [CACHE]  MISS pub.tarball.b7xdkz
2026-06-19T08:24:40.336Z  [API  ]  GET https://pub.dev/api/archives/flutter_hooks-0.21.3%2B1.tar.gz
2026-06-19T08:24:40.666Z  [API  ]  200 OK (345ms)
2026-06-19T08:24:40.666Z  [API  ]  200 OK (330ms)
2026-06-19T08:24:41.455Z  [SCORE]  flutter_hooks → 42 (end-of-life) [rv=19 eg=37.77777777777778 pop=80.095 pt=-5 pq=9.375]
2026-06-19T08:24:41.457Z  [INFO ]  [10/26] freezed
2026-06-19T08:24:41.457Z  [INFO ]  Known issue: active
2026-06-19T08:24:41.457Z  [CACHE]  MISS pub.info.freezed
2026-06-19T08:24:41.457Z  [API  ]  GET https://pub.dev/api/packages/freezed
2026-06-19T08:24:41.470Z  [CACHE]  MISS pub.metrics.freezed
2026-06-19T08:24:41.470Z  [API  ]  GET https://pub.dev/api/packages/freezed/metrics
2026-06-19T08:24:41.481Z  [API  ]  GET https://pub.dev/api/packages/freezed/score
2026-06-19T08:24:41.492Z  [CACHE]  HIT  pub.publisher.freezed
2026-06-19T08:24:41.492Z  [CACHE]  MISS pub.reverseDeps.freezed
2026-06-19T08:24:41.492Z  [API  ]  GET https://pub.dev/packages?q=dependency%3Afreezed
2026-06-19T08:24:41.537Z  [API  ]  200 OK (1414ms)
2026-06-19T08:24:41.537Z  [API  ]  200 OK (1414ms)
2026-06-19T08:24:41.537Z  [API  ]  200 OK (1414ms)
2026-06-19T08:24:41.537Z  [API  ]  200 OK (1414ms)
2026-06-19T08:24:41.537Z  [API  ]  200 OK (1414ms)
2026-06-19T08:24:41.679Z  [CACHE]  MISS pub.archiveSize.flutter_lints
2026-06-19T08:24:41.681Z  [API  ]  HEAD https://pub.dev/api/archives/flutter_lints-6.0.0.tar.gz
2026-06-19T08:24:41.694Z  [CACHE]  MISS pub.tarball.z7ll8h
2026-06-19T08:24:41.694Z  [API  ]  GET https://pub.dev/api/archives/flutter_lints-6.0.0.tar.gz
2026-06-19T08:24:41.801Z  [API  ]  200 OK (107ms)
2026-06-19T08:24:41.843Z  [API  ]  200 OK (362ms)
2026-06-19T08:24:41.884Z  [API  ]  200 OK (414ms)
2026-06-19T08:24:41.891Z  [API  ]  200 OK (398ms)
2026-06-19T08:24:41.954Z  [CACHE]  MISS pub.archiveSize.flutter_riverpod
2026-06-19T08:24:41.956Z  [API  ]  HEAD https://pub.dev/api/archives/flutter_riverpod-3.3.2.tar.gz
2026-06-19T08:24:41.972Z  [CACHE]  MISS pub.tarball.yl4ufk
2026-06-19T08:24:41.972Z  [API  ]  GET https://pub.dev/api/archives/flutter_riverpod-3.3.2.tar.gz
2026-06-19T08:24:42.060Z  [API  ]  200 OK (104ms)
2026-06-19T08:24:42.060Z  [API  ]  200 OK (88ms)
2026-06-19T08:24:42.122Z  [API  ]  200 OK (441ms)
2026-06-19T08:24:42.134Z  [SCORE]  flutter_lints → 56.5 (stable) [rv=38 eg=50 pop=100 pt=-5 pq=10]
2026-06-19T08:24:42.134Z  [INFO ]  [11/26] freezed_annotation
2026-06-19T08:24:42.134Z  [CACHE]  MISS pub.info.freezed_annotation
2026-06-19T08:24:42.134Z  [API  ]  GET https://pub.dev/api/packages/freezed_annotation
2026-06-19T08:24:42.148Z  [CACHE]  MISS pub.metrics.freezed_annotation
2026-06-19T08:24:42.148Z  [API  ]  GET https://pub.dev/api/packages/freezed_annotation/metrics
2026-06-19T08:24:42.162Z  [API  ]  GET https://pub.dev/api/packages/freezed_annotation/score
2026-06-19T08:24:42.173Z  [CACHE]  HIT  pub.publisher.freezed_annotation
2026-06-19T08:24:42.173Z  [CACHE]  MISS pub.reverseDeps.freezed_annotation
2026-06-19T08:24:42.173Z  [API  ]  GET https://pub.dev/packages?q=dependency%3Afreezed_annotation
2026-06-19T08:24:42.446Z  [API  ]  200 OK (989ms)
2026-06-19T08:24:43.127Z  [API  ]  200 OK (954ms)
2026-06-19T08:24:43.128Z  [API  ]  200 OK (980ms)
2026-06-19T08:24:43.163Z  [CACHE]  MISS gh.rrousselGit.freezed
2026-06-19T08:24:43.164Z  [API  ]  GET https://api.github.com/repos/rrousselGit/freezed
2026-06-19T08:24:43.164Z  [API  ]  GET https://api.github.com/repos/rrousselGit/freezed/issues?state=closed&since=2026-03-21T08:24:43.164Z&per_page=100
2026-06-19T08:24:43.164Z  [API  ]  GET https://api.github.com/repos/rrousselGit/freezed/pulls?state=closed&per_page=100
2026-06-19T08:24:43.164Z  [API  ]  GET https://api.github.com/repos/rrousselGit/freezed/issues?state=open&sort=comments&direction=desc&per_page=50
2026-06-19T08:24:43.164Z  [API  ]  GET https://api.github.com/repos/rrousselGit/freezed/pulls?state=open&per_page=100
2026-06-19T08:24:43.255Z  [SCORE]  flutter_riverpod → 83.5 (vibrant) [rv=96 eg=70.9041095890411 pop=93.75 pt=-5 pq=8.75]
2026-06-19T08:24:43.255Z  [INFO ]  [12/26] go_router
2026-06-19T08:24:43.255Z  [INFO ]  Known issue: active
2026-06-19T08:24:43.255Z  [CACHE]  MISS pub.info.go_router
2026-06-19T08:24:43.255Z  [API  ]  GET https://pub.dev/api/packages/go_router
2026-06-19T08:24:43.265Z  [CACHE]  MISS pub.metrics.go_router
2026-06-19T08:24:43.265Z  [API  ]  GET https://pub.dev/api/packages/go_router/metrics
2026-06-19T08:24:43.274Z  [API  ]  GET https://pub.dev/api/packages/go_router/score
2026-06-19T08:24:43.284Z  [CACHE]  HIT  pub.publisher.go_router
2026-06-19T08:24:43.284Z  [CACHE]  MISS pub.reverseDeps.go_router
2026-06-19T08:24:43.284Z  [API  ]  GET https://pub.dev/packages?q=dependency%3Ago_router
2026-06-19T08:24:43.457Z  [API  ]  200 OK (1323ms)
2026-06-19T08:24:43.489Z  [API  ]  200 OK (1327ms)
2026-06-19T08:24:43.521Z  [CACHE]  MISS gh.rrousselGit.freezed
2026-06-19T08:24:43.521Z  [API  ]  GET https://api.github.com/repos/rrousselGit/freezed
2026-06-19T08:24:43.521Z  [API  ]  GET https://api.github.com/repos/rrousselGit/freezed/issues?state=closed&since=2026-03-21T08:24:43.521Z&per_page=100
2026-06-19T08:24:43.521Z  [API  ]  GET https://api.github.com/repos/rrousselGit/freezed/pulls?state=closed&per_page=100
2026-06-19T08:24:43.521Z  [API  ]  GET https://api.github.com/repos/rrousselGit/freezed/issues?state=open&sort=comments&direction=desc&per_page=50
2026-06-19T08:24:43.521Z  [API  ]  GET https://api.github.com/repos/rrousselGit/freezed/pulls?state=open&per_page=100
2026-06-19T08:24:43.633Z  [API  ]  200 OK (378ms)
2026-06-19T08:24:43.639Z  [API  ]  200 OK (374ms)
2026-06-19T08:24:43.701Z  [API  ]  200 OK (417ms)
2026-06-19T08:24:43.702Z  [API  ]  200 OK (428ms)
2026-06-19T08:24:43.728Z  [CACHE]  HIT  gh.flutter.packages
2026-06-19T08:24:43.740Z  [CACHE]  MISS pub.archiveSize.go_router
2026-06-19T08:24:43.742Z  [API  ]  HEAD https://pub.dev/api/archives/go_router-17.3.0.tar.gz
2026-06-19T08:24:43.755Z  [CACHE]  MISS pub.tarball.n73jsv
2026-06-19T08:24:43.755Z  [API  ]  GET https://pub.dev/api/archives/go_router-17.3.0.tar.gz
2026-06-19T08:24:43.774Z  [API  ]  403 rate limit exceeded (253ms)
2026-06-19T08:24:43.774Z  [API  ]  403 rate limit exceeded (253ms)
2026-06-19T08:24:43.774Z  [API  ]  403 rate limit exceeded (253ms)
2026-06-19T08:24:43.774Z  [API  ]  403 rate limit exceeded (253ms)
2026-06-19T08:24:43.774Z  [API  ]  403 rate limit exceeded (253ms)
2026-06-19T08:24:43.786Z  [CACHE]  MISS pub.archiveSize.freezed_annotation
2026-06-19T08:24:43.787Z  [API  ]  HEAD https://pub.dev/api/archives/freezed_annotation-3.1.0.tar.gz
2026-06-19T08:24:43.797Z  [CACHE]  MISS pub.tarball.26ivsf
2026-06-19T08:24:43.797Z  [API  ]  GET https://pub.dev/api/archives/freezed_annotation-3.1.0.tar.gz
2026-06-19T08:24:43.850Z  [API  ]  200 OK (95ms)
2026-06-19T08:24:43.851Z  [API  ]  200 OK (109ms)
2026-06-19T08:24:44.129Z  [API  ]  200 OK (342ms)
2026-06-19T08:24:44.129Z  [API  ]  200 OK (332ms)
2026-06-19T08:24:44.286Z  [API  ]  403 rate limit exceeded (1122ms)
2026-06-19T08:24:44.286Z  [API  ]  200 OK (1122ms)
2026-06-19T08:24:44.286Z  [API  ]  200 OK (1122ms)
2026-06-19T08:24:44.286Z  [API  ]  403 rate limit exceeded (1122ms)
2026-06-19T08:24:44.286Z  [API  ]  200 OK (1122ms)
2026-06-19T08:24:44.298Z  [CACHE]  MISS pub.archiveSize.freezed
2026-06-19T08:24:44.300Z  [API  ]  HEAD https://pub.dev/api/archives/freezed-3.2.5.tar.gz
2026-06-19T08:24:44.312Z  [CACHE]  MISS pub.tarball.pe3bcr
2026-06-19T08:24:44.312Z  [API  ]  GET https://pub.dev/api/archives/freezed-3.2.5.tar.gz
2026-06-19T08:24:44.594Z  [SCORE]  go_router → 63.1 (stable) [rv=38 eg=50 pop=96.875 pt=-5 pq=9.375]
2026-06-19T08:24:44.595Z  [INFO ]  [13/26] google_fonts
2026-06-19T08:24:44.595Z  [CACHE]  MISS pub.info.google_fonts
2026-06-19T08:24:44.595Z  [API  ]  GET https://pub.dev/api/packages/google_fonts
2026-06-19T08:24:44.611Z  [CACHE]  MISS pub.metrics.google_fonts
2026-06-19T08:24:44.611Z  [API  ]  GET https://pub.dev/api/packages/google_fonts/metrics
2026-06-19T08:24:44.622Z  [API  ]  GET https://pub.dev/api/packages/google_fonts/score
2026-06-19T08:24:44.636Z  [CACHE]  HIT  pub.publisher.google_fonts
2026-06-19T08:24:44.636Z  [CACHE]  MISS pub.reverseDeps.google_fonts
2026-06-19T08:24:44.636Z  [API  ]  GET https://pub.dev/packages?q=dependency%3Agoogle_fonts
2026-06-19T08:24:44.683Z  [API  ]  200 OK (383ms)
2026-06-19T08:24:44.752Z  [SCORE]  freezed_annotation → 14.2 (outdated) [rv=3.835616438356169 eg=1.9178082191780845 pop=46.875 pt=-5 pq=9.375]
2026-06-19T08:24:44.752Z  [INFO ]  [14/26] hooks_riverpod
2026-06-19T08:24:44.752Z  [CACHE]  MISS pub.info.hooks_riverpod
2026-06-19T08:24:44.752Z  [API  ]  GET https://pub.dev/api/packages/hooks_riverpod
2026-06-19T08:24:44.765Z  [CACHE]  MISS pub.metrics.hooks_riverpod
2026-06-19T08:24:44.765Z  [API  ]  GET https://pub.dev/api/packages/hooks_riverpod/metrics
2026-06-19T08:24:44.776Z  [API  ]  GET https://pub.dev/api/packages/hooks_riverpod/score
2026-06-19T08:24:44.786Z  [CACHE]  HIT  pub.publisher.hooks_riverpod
2026-06-19T08:24:44.786Z  [CACHE]  MISS pub.reverseDeps.hooks_riverpod
2026-06-19T08:24:44.786Z  [API  ]  GET https://pub.dev/packages?q=dependency%3Ahooks_riverpod
2026-06-19T08:24:44.845Z  [API  ]  200 OK (533ms)
2026-06-19T08:24:44.961Z  [API  ]  200 OK (366ms)
2026-06-19T08:24:44.978Z  [API  ]  200 OK (367ms)
2026-06-19T08:24:45.072Z  [SCORE]  freezed → 57.2 (stable) [rv=63.013698630136986 eg=31.506849315068493 pop=43.75 pt=-5 pq=8.75]
2026-06-19T08:24:45.072Z  [INFO ]  [15/26] http
2026-06-19T08:24:45.072Z  [INFO ]  Known issue: active
2026-06-19T08:24:45.072Z  [CACHE]  MISS pub.info.http
2026-06-19T08:24:45.072Z  [API  ]  GET https://pub.dev/api/packages/http
2026-06-19T08:24:45.087Z  [CACHE]  MISS pub.metrics.http
2026-06-19T08:24:45.087Z  [API  ]  GET https://pub.dev/api/packages/http/metrics
2026-06-19T08:24:45.098Z  [API  ]  GET https://pub.dev/api/packages/http/score
2026-06-19T08:24:45.107Z  [CACHE]  HIT  pub.publisher.http
2026-06-19T08:24:45.107Z  [CACHE]  MISS pub.reverseDeps.http
2026-06-19T08:24:45.107Z  [API  ]  GET https://pub.dev/packages?q=dependency%3Ahttp
2026-06-19T08:24:45.129Z  [API  ]  200 OK (377ms)
2026-06-19T08:24:45.433Z  [API  ]  200 OK (335ms)
2026-06-19T08:24:45.478Z  [API  ]  200 OK (391ms)
2026-06-19T08:24:45.498Z  [API  ]  200 OK (876ms)
2026-06-19T08:24:45.499Z  [API  ]  200 OK (863ms)
2026-06-19T08:24:45.520Z  [CACHE]  HIT  gh.flutter.packages
2026-06-19T08:24:45.531Z  [CACHE]  MISS pub.archiveSize.google_fonts
2026-06-19T08:24:45.532Z  [API  ]  HEAD https://pub.dev/api/archives/google_fonts-8.1.0.tar.gz
2026-06-19T08:24:45.540Z  [CACHE]  MISS pub.tarball.9mlo6l
2026-06-19T08:24:45.540Z  [API  ]  GET https://pub.dev/api/archives/google_fonts-8.1.0.tar.gz
2026-06-19T08:24:45.552Z  [API  ]  200 OK (445ms)
2026-06-19T08:24:45.553Z  [API  ]  200 OK (777ms)
2026-06-19T08:24:45.562Z  [API  ]  200 OK (797ms)
2026-06-19T08:24:45.627Z  [API  ]  200 OK (95ms)
2026-06-19T08:24:45.642Z  [API  ]  200 OK (856ms)
2026-06-19T08:24:45.642Z  [API  ]  200 OK (102ms)
2026-06-19T08:24:45.656Z  [CACHE]  HIT  gh.rrousselGit.riverpod
2026-06-19T08:24:45.664Z  [CACHE]  MISS pub.archiveSize.hooks_riverpod
2026-06-19T08:24:45.666Z  [API  ]  HEAD https://pub.dev/api/archives/hooks_riverpod-3.3.2.tar.gz
2026-06-19T08:24:45.676Z  [CACHE]  MISS pub.tarball.4qvwmc
2026-06-19T08:24:45.676Z  [API  ]  GET https://pub.dev/api/archives/hooks_riverpod-3.3.2.tar.gz
2026-06-19T08:24:46.003Z  [API  ]  200 OK (327ms)
2026-06-19T08:24:46.090Z  [API  ]  200 OK (1018ms)
2026-06-19T08:24:46.096Z  [API  ]  200 OK (430ms)
2026-06-19T08:24:46.203Z  [CACHE]  MISS gh.dart-lang.http
2026-06-19T08:24:46.203Z  [API  ]  GET https://api.github.com/repos/dart-lang/http
2026-06-19T08:24:46.203Z  [API  ]  GET https://api.github.com/repos/dart-lang/http/issues?state=closed&since=2026-03-21T08:24:46.203Z&per_page=100
2026-06-19T08:24:46.203Z  [API  ]  GET https://api.github.com/repos/dart-lang/http/pulls?state=closed&per_page=100
2026-06-19T08:24:46.203Z  [API  ]  GET https://api.github.com/repos/dart-lang/http/issues?state=open&sort=comments&direction=desc&per_page=50
2026-06-19T08:24:46.203Z  [API  ]  GET https://api.github.com/repos/dart-lang/http/pulls?state=open&per_page=100
2026-06-19T08:24:46.427Z  [SCORE]  google_fonts → 59 (stable) [rv=38 eg=50 pop=100 pt=-5 pq=10]
2026-06-19T08:24:46.427Z  [INFO ]  [16/26] intl
2026-06-19T08:24:46.427Z  [INFO ]  Known issue: active
2026-06-19T08:24:46.427Z  [CACHE]  MISS pub.info.intl
2026-06-19T08:24:46.427Z  [API  ]  GET https://pub.dev/api/packages/intl
2026-06-19T08:24:46.441Z  [CACHE]  MISS pub.metrics.intl
2026-06-19T08:24:46.441Z  [API  ]  GET https://pub.dev/api/packages/intl/metrics
2026-06-19T08:24:46.454Z  [API  ]  GET https://pub.dev/api/packages/intl/score
2026-06-19T08:24:46.468Z  [CACHE]  HIT  pub.publisher.intl
2026-06-19T08:24:46.468Z  [CACHE]  MISS pub.reverseDeps.intl
2026-06-19T08:24:46.468Z  [API  ]  GET https://pub.dev/packages?q=dependency%3Aintl
2026-06-19T08:24:46.497Z  [API  ]  403 rate limit exceeded (294ms)
2026-06-19T08:24:46.497Z  [API  ]  403 rate limit exceeded (294ms)
2026-06-19T08:24:46.497Z  [API  ]  403 rate limit exceeded (294ms)
2026-06-19T08:24:46.497Z  [API  ]  403 rate limit exceeded (294ms)
2026-06-19T08:24:46.497Z  [API  ]  403 rate limit exceeded (294ms)
2026-06-19T08:24:46.497Z  [CACHE]  MISS pub.archiveSize.http
2026-06-19T08:24:46.497Z  [API  ]  HEAD https://pub.dev/api/archives/http-1.6.0.tar.gz
2026-06-19T08:24:46.508Z  [CACHE]  MISS pub.tarball.39k2xx
2026-06-19T08:24:46.508Z  [API  ]  GET https://pub.dev/api/archives/http-1.6.0.tar.gz
2026-06-19T08:24:46.558Z  [SCORE]  hooks_riverpod → 85.4 (vibrant) [rv=96 eg=70.9041095890411 pop=100 pt=-5 pq=10]
2026-06-19T08:24:46.558Z  [INFO ]  [17/26] json_annotation
2026-06-19T08:24:46.558Z  [INFO ]  Known issue: active
2026-06-19T08:24:46.558Z  [CACHE]  MISS pub.info.json_annotation
2026-06-19T08:24:46.558Z  [API  ]  GET https://pub.dev/api/packages/json_annotation
2026-06-19T08:24:46.567Z  [CACHE]  MISS pub.metrics.json_annotation
2026-06-19T08:24:46.567Z  [API  ]  GET https://pub.dev/api/packages/json_annotation/metrics
2026-06-19T08:24:46.579Z  [API  ]  GET https://pub.dev/api/packages/json_annotation/score
2026-06-19T08:24:46.593Z  [CACHE]  HIT  pub.publisher.json_annotation
2026-06-19T08:24:46.593Z  [CACHE]  MISS pub.reverseDeps.json_annotation
2026-06-19T08:24:46.593Z  [API  ]  GET https://pub.dev/packages?q=dependency%3Ajson_annotation
2026-06-19T08:24:46.627Z  [API  ]  200 OK (130ms)
2026-06-19T08:24:46.628Z  [API  ]  200 OK (120ms)
2026-06-19T08:24:46.729Z  [SCORE]  http → 42.8 (stable) [rv=39.726027397260275 eg=19.863013698630137 pop=50 pt=-5 pq=10]
2026-06-19T08:24:46.729Z  [INFO ]  [18/26] json_serializable
2026-06-19T08:24:46.729Z  [CACHE]  MISS pub.info.json_serializable
2026-06-19T08:24:46.729Z  [API  ]  GET https://pub.dev/api/packages/json_serializable
2026-06-19T08:24:46.743Z  [CACHE]  MISS pub.metrics.json_serializable
2026-06-19T08:24:46.743Z  [API  ]  GET https://pub.dev/api/packages/json_serializable/metrics
2026-06-19T08:24:46.756Z  [API  ]  GET https://pub.dev/api/packages/json_serializable/score
2026-06-19T08:24:46.767Z  [CACHE]  HIT  pub.publisher.json_serializable
2026-06-19T08:24:46.767Z  [CACHE]  MISS pub.reverseDeps.json_serializable
2026-06-19T08:24:46.767Z  [API  ]  GET https://pub.dev/packages?q=dependency%3Ajson_serializable
2026-06-19T08:24:46.849Z  [API  ]  200 OK (408ms)
2026-06-19T08:24:46.858Z  [API  ]  200 OK (404ms)
2026-06-19T08:24:46.895Z  [API  ]  200 OK (427ms)
2026-06-19T08:24:46.980Z  [API  ]  200 OK (413ms)
2026-06-19T08:24:47.016Z  [API  ]  200 OK (423ms)
2026-06-19T08:24:47.140Z  [API  ]  200 OK (397ms)
2026-06-19T08:24:47.211Z  [API  ]  200 OK (784ms)
2026-06-19T08:24:47.335Z  [CACHE]  MISS gh.dart-lang.i18n
2026-06-19T08:24:47.335Z  [API  ]  GET https://api.github.com/repos/dart-lang/i18n
2026-06-19T08:24:47.335Z  [API  ]  GET https://api.github.com/repos/dart-lang/i18n/issues?state=closed&since=2026-03-21T08:24:47.335Z&per_page=100
2026-06-19T08:24:47.335Z  [API  ]  GET https://api.github.com/repos/dart-lang/i18n/pulls?state=closed&per_page=100
2026-06-19T08:24:47.335Z  [API  ]  GET https://api.github.com/repos/dart-lang/i18n/issues?state=open&sort=comments&direction=desc&per_page=50
2026-06-19T08:24:47.335Z  [API  ]  GET https://api.github.com/repos/dart-lang/i18n/pulls?state=open&per_page=100
2026-06-19T08:24:47.515Z  [API  ]  200 OK (786ms)
2026-06-19T08:24:47.516Z  [API  ]  200 OK (760ms)
2026-06-19T08:24:47.518Z  [API  ]  200 OK (751ms)
2026-06-19T08:24:47.594Z  [API  ]  403 rate limit exceeded (259ms)
2026-06-19T08:24:47.594Z  [API  ]  403 rate limit exceeded (259ms)
2026-06-19T08:24:47.594Z  [API  ]  403 rate limit exceeded (259ms)
2026-06-19T08:24:47.594Z  [API  ]  403 rate limit exceeded (259ms)
2026-06-19T08:24:47.594Z  [API  ]  403 rate limit exceeded (259ms)
2026-06-19T08:24:47.606Z  [CACHE]  MISS pub.archiveSize.intl
2026-06-19T08:24:47.608Z  [API  ]  HEAD https://pub.dev/api/archives/intl-0.20.2.tar.gz
2026-06-19T08:24:47.620Z  [CACHE]  MISS pub.tarball.n9tlhz
2026-06-19T08:24:47.620Z  [API  ]  GET https://pub.dev/api/archives/intl-0.20.2.tar.gz
2026-06-19T08:24:47.663Z  [API  ]  200 OK (1105ms)
2026-06-19T08:24:47.663Z  [API  ]  200 OK (1084ms)
2026-06-19T08:24:47.737Z  [API  ]  200 OK (117ms)
2026-06-19T08:24:47.738Z  [API  ]  200 OK (130ms)
2026-06-19T08:24:47.770Z  [CACHE]  MISS gh.google.json_serializable
2026-06-19T08:24:47.770Z  [API  ]  GET https://api.github.com/repos/google/json_serializable
2026-06-19T08:24:47.770Z  [API  ]  GET https://api.github.com/repos/google/json_serializable/issues?state=closed&since=2026-03-21T08:24:47.770Z&per_page=100
2026-06-19T08:24:47.770Z  [API  ]  GET https://api.github.com/repos/google/json_serializable/pulls?state=closed&per_page=100
2026-06-19T08:24:47.770Z  [API  ]  GET https://api.github.com/repos/google/json_serializable/issues?state=open&sort=comments&direction=desc&per_page=50
2026-06-19T08:24:47.770Z  [API  ]  GET https://api.github.com/repos/google/json_serializable/pulls?state=open&per_page=100
2026-06-19T08:24:47.958Z  [CACHE]  MISS gh.google.json_serializable
2026-06-19T08:24:47.958Z  [API  ]  GET https://api.github.com/repos/google/json_serializable
2026-06-19T08:24:47.958Z  [API  ]  GET https://api.github.com/repos/google/json_serializable/issues?state=closed&since=2026-03-21T08:24:47.958Z&per_page=100
2026-06-19T08:24:47.958Z  [API  ]  GET https://api.github.com/repos/google/json_serializable/pulls?state=closed&per_page=100
2026-06-19T08:24:47.958Z  [API  ]  GET https://api.github.com/repos/google/json_serializable/issues?state=open&sort=comments&direction=desc&per_page=50
2026-06-19T08:24:47.958Z  [API  ]  GET https://api.github.com/repos/google/json_serializable/pulls?state=open&per_page=100
2026-06-19T08:24:48.124Z  [API  ]  403 rate limit exceeded (354ms)
2026-06-19T08:24:48.124Z  [API  ]  403 rate limit exceeded (354ms)
2026-06-19T08:24:48.124Z  [API  ]  403 rate limit exceeded (354ms)
2026-06-19T08:24:48.124Z  [API  ]  403 rate limit exceeded (354ms)
2026-06-19T08:24:48.124Z  [API  ]  403 rate limit exceeded (354ms)
2026-06-19T08:24:48.124Z  [CACHE]  MISS pub.archiveSize.json_serializable
2026-06-19T08:24:48.124Z  [API  ]  HEAD https://pub.dev/api/archives/json_serializable-6.14.0.tar.gz
2026-06-19T08:24:48.141Z  [CACHE]  MISS pub.tarball.w2qvlz
2026-06-19T08:24:48.141Z  [API  ]  GET https://pub.dev/api/archives/json_serializable-6.14.0.tar.gz
2026-06-19T08:24:48.268Z  [API  ]  200 OK (127ms)
2026-06-19T08:24:48.588Z  [SCORE]  intl → 16.6 (outdated) [rv=0 eg=0 pop=46.875 pt=-5 pq=9.375]
2026-06-19T08:24:48.589Z  [CACHE]  MISS pub.search.i18n,intl
2026-06-19T08:24:48.589Z  [API  ]  GET https://pub.dev/api/search?q=topic%3Ai18n%20topic%3Aintl&sort=popularity
2026-06-19T08:24:48.630Z  [API  ]  200 OK (506ms)
2026-06-19T08:24:48.674Z  [SCORE]  json_serializable → 81 (vibrant) [rv=90.68493150684931 eg=45.342465753424655 pop=50 pt=-5 pq=10]
2026-06-19T08:24:48.674Z  [INFO ]  [19/26] mockito
2026-06-19T08:24:48.674Z  [INFO ]  Known issue: active
2026-06-19T08:24:48.674Z  [CACHE]  MISS pub.info.mockito
2026-06-19T08:24:48.674Z  [API  ]  GET https://pub.dev/api/packages/mockito
2026-06-19T08:24:48.693Z  [CACHE]  MISS pub.metrics.mockito
2026-06-19T08:24:48.693Z  [API  ]  GET https://pub.dev/api/packages/mockito/metrics
2026-06-19T08:24:48.710Z  [API  ]  GET https://pub.dev/api/packages/mockito/score
2026-06-19T08:24:48.727Z  [CACHE]  HIT  pub.publisher.mockito
2026-06-19T08:24:48.727Z  [CACHE]  MISS pub.reverseDeps.mockito
2026-06-19T08:24:48.727Z  [API  ]  GET https://pub.dev/packages?q=dependency%3Amockito
2026-06-19T08:24:48.766Z  [API  ]  403 rate limit exceeded (808ms)
2026-06-19T08:24:48.766Z  [API  ]  403 rate limit exceeded (808ms)
2026-06-19T08:24:48.766Z  [API  ]  403 rate limit exceeded (808ms)
2026-06-19T08:24:48.766Z  [API  ]  403 rate limit exceeded (808ms)
2026-06-19T08:24:48.766Z  [API  ]  403 rate limit exceeded (808ms)
2026-06-19T08:24:48.767Z  [CACHE]  MISS pub.archiveSize.json_annotation
2026-06-19T08:24:48.767Z  [API  ]  HEAD https://pub.dev/api/archives/json_annotation-4.12.0.tar.gz
2026-06-19T08:24:48.781Z  [CACHE]  MISS pub.tarball.y5wsjb
2026-06-19T08:24:48.781Z  [API  ]  GET https://pub.dev/api/archives/json_annotation-4.12.0.tar.gz
2026-06-19T08:24:48.869Z  [API  ]  200 OK (102ms)
2026-06-19T08:24:48.876Z  [API  ]  200 OK (95ms)
2026-06-19T08:24:48.932Z  [SCORE]  json_annotation → 72.5 (vibrant) [rv=90.68493150684931 eg=45.342465753424655 pop=46.875 pt=-5 pq=9.375]
2026-06-19T08:24:48.932Z  [INFO ]  [20/26] path
2026-06-19T08:24:48.932Z  [INFO ]  Known issue: active
2026-06-19T08:24:48.932Z  [CACHE]  MISS pub.info.path
2026-06-19T08:24:48.932Z  [API  ]  GET https://pub.dev/api/packages/path
2026-06-19T08:24:48.948Z  [CACHE]  MISS pub.metrics.path
2026-06-19T08:24:48.948Z  [API  ]  GET https://pub.dev/api/packages/path/metrics
2026-06-19T08:24:48.964Z  [API  ]  GET https://pub.dev/api/packages/path/score
2026-06-19T08:24:48.978Z  [CACHE]  HIT  pub.publisher.path
2026-06-19T08:24:48.978Z  [CACHE]  MISS pub.reverseDeps.path
2026-06-19T08:24:48.978Z  [API  ]  GET https://pub.dev/packages?q=dependency%3Apath
2026-06-19T08:24:49.014Z  [API  ]  200 OK (425ms)
2026-06-19T08:24:49.122Z  [API  ]  200 OK (412ms)
2026-06-19T08:24:49.122Z  [API  ]  200 OK (429ms)
2026-06-19T08:24:49.135Z  [API  ]  200 OK (408ms)
2026-06-19T08:24:49.369Z  [API  ]  200 OK (421ms)
2026-06-19T08:24:49.382Z  [API  ]  200 OK (418ms)
2026-06-19T08:24:49.391Z  [API  ]  200 OK (413ms)
2026-06-19T08:24:49.475Z  [API  ]  200 OK (801ms)
2026-06-19T08:24:49.583Z  [CACHE]  HIT  gh.dart-lang.build
2026-06-19T08:24:49.583Z  [CACHE]  MISS pub.archiveSize.mockito
2026-06-19T08:24:49.583Z  [API  ]  HEAD https://pub.dev/api/archives/mockito-5.7.0.tar.gz
2026-06-19T08:24:49.597Z  [CACHE]  MISS pub.tarball.uhts8c
2026-06-19T08:24:49.597Z  [API  ]  GET https://pub.dev/api/archives/mockito-5.7.0.tar.gz
2026-06-19T08:24:49.670Z  [API  ]  200 OK (738ms)
2026-06-19T08:24:49.692Z  [API  ]  200 OK (109ms)
2026-06-19T08:24:49.694Z  [API  ]  200 OK (97ms)
2026-06-19T08:24:49.732Z  [SCORE]  mockito → 81.4 (vibrant) [rv=97 eg=60 pop=58.53 pt=-5 pq=10]
2026-06-19T08:24:49.732Z  [INFO ]  [21/26] path_provider
2026-06-19T08:24:49.732Z  [CACHE]  MISS pub.info.path_provider
2026-06-19T08:24:49.732Z  [API  ]  GET https://pub.dev/api/packages/path_provider
2026-06-19T08:24:49.746Z  [CACHE]  MISS pub.metrics.path_provider
2026-06-19T08:24:49.746Z  [API  ]  GET https://pub.dev/api/packages/path_provider/metrics
2026-06-19T08:24:49.758Z  [API  ]  GET https://pub.dev/api/packages/path_provider/score
2026-06-19T08:24:49.770Z  [CACHE]  HIT  pub.publisher.path_provider
2026-06-19T08:24:49.770Z  [CACHE]  MISS pub.reverseDeps.path_provider
2026-06-19T08:24:49.770Z  [API  ]  GET https://pub.dev/packages?q=dependency%3Apath_provider
2026-06-19T08:24:49.850Z  [INFO ]  [22/26] permission_handler
2026-06-19T08:24:49.850Z  [INFO ]  Known issue: active
2026-06-19T08:24:49.850Z  [CACHE]  MISS pub.info.permission_handler
2026-06-19T08:24:49.850Z  [API  ]  GET https://pub.dev/api/packages/permission_handler
2026-06-19T08:24:49.864Z  [CACHE]  MISS pub.metrics.permission_handler
2026-06-19T08:24:49.864Z  [API  ]  GET https://pub.dev/api/packages/permission_handler/metrics
2026-06-19T08:24:49.876Z  [API  ]  GET https://pub.dev/api/packages/permission_handler/score
2026-06-19T08:24:49.887Z  [CACHE]  HIT  pub.publisher.permission_handler
2026-06-19T08:24:49.887Z  [CACHE]  MISS pub.reverseDeps.permission_handler
2026-06-19T08:24:49.887Z  [API  ]  GET https://pub.dev/packages?q=dependency%3Apermission_handler
2026-06-19T08:24:49.912Z  [CACHE]  MISS gh.dart-lang.core
2026-06-19T08:24:49.912Z  [API  ]  GET https://api.github.com/repos/dart-lang/core
2026-06-19T08:24:49.912Z  [API  ]  GET https://api.github.com/repos/dart-lang/core/issues?state=closed&since=2026-03-21T08:24:49.912Z&per_page=100
2026-06-19T08:24:49.912Z  [API  ]  GET https://api.github.com/repos/dart-lang/core/pulls?state=closed&per_page=100
2026-06-19T08:24:49.912Z  [API  ]  GET https://api.github.com/repos/dart-lang/core/issues?state=open&sort=comments&direction=desc&per_page=50
2026-06-19T08:24:49.912Z  [API  ]  GET https://api.github.com/repos/dart-lang/core/pulls?state=open&per_page=100
2026-06-19T08:24:50.145Z  [INFO ]  Retry 1/2 for https://api.github.com/repos/dart-lang/core/pulls?state=closed&per_page=100 (429, wait 1000ms)
2026-06-19T08:24:50.146Z  [API  ]  200 OK (388ms)
2026-06-19T08:24:50.146Z  [API  ]  200 OK (400ms)
2026-06-19T08:24:50.200Z  [API  ]  200 OK (430ms)
2026-06-19T08:24:50.219Z  [API  ]  200 OK (369ms)
2026-06-19T08:24:50.252Z  [API  ]  200 OK (376ms)
2026-06-19T08:24:50.275Z  [API  ]  200 OK (411ms)
2026-06-19T08:24:50.282Z  [API  ]  200 OK (395ms)
2026-06-19T08:24:50.349Z  [CACHE]  MISS gh.baseflow.flutter-permission-handler
2026-06-19T08:24:50.349Z  [API  ]  GET https://api.github.com/repos/baseflow/flutter-permission-handler
2026-06-19T08:24:50.349Z  [API  ]  GET https://api.github.com/repos/baseflow/flutter-permission-handler/issues?state=closed&since=2026-03-21T08:24:50.349Z&per_page=100
2026-06-19T08:24:50.349Z  [API  ]  GET https://api.github.com/repos/baseflow/flutter-permission-handler/pulls?state=closed&per_page=100
2026-06-19T08:24:50.349Z  [API  ]  GET https://api.github.com/repos/baseflow/flutter-permission-handler/issues?state=open&sort=comments&direction=desc&per_page=50
2026-06-19T08:24:50.349Z  [API  ]  GET https://api.github.com/repos/baseflow/flutter-permission-handler/pulls?state=open&per_page=100
2026-06-19T08:24:50.536Z  [API  ]  200 OK (804ms)
2026-06-19T08:24:50.564Z  [INFO ]  Retry 1/2 for https://api.github.com/repos/baseflow/flutter-permission-handler/issues?state=closed&since=2026-03-21T08:24:50.349Z&per_page=100 (429, wait 1000ms)
2026-06-19T08:24:50.565Z  [INFO ]  Retry 1/2 for https://api.github.com/repos/baseflow/flutter-permission-handler/issues?state=open&sort=comments&direction=desc&per_page=50 (429, wait 1000ms)
2026-06-19T08:24:50.571Z  [INFO ]  Retry 1/2 for https://api.github.com/repos/baseflow/flutter-permission-handler/pulls?state=open&per_page=100 (429, wait 1000ms)
2026-06-19T08:24:50.578Z  [INFO ]  Retry 1/2 for https://api.github.com/repos/baseflow/flutter-permission-handler (429, wait 1000ms)
2026-06-19T08:24:50.580Z  [INFO ]  Retry 1/2 for https://api.github.com/repos/baseflow/flutter-permission-handler/pulls?state=closed&per_page=100 (429, wait 1000ms)
2026-06-19T08:24:50.702Z  [CACHE]  HIT  gh.flutter.packages
2026-06-19T08:24:50.702Z  [CACHE]  MISS pub.archiveSize.path_provider
2026-06-19T08:24:50.702Z  [API  ]  HEAD https://pub.dev/api/archives/path_provider-2.1.6.tar.gz
2026-06-19T08:24:50.721Z  [CACHE]  MISS pub.tarball.feeade
2026-06-19T08:24:50.721Z  [API  ]  GET https://pub.dev/api/archives/path_provider-2.1.6.tar.gz
2026-06-19T08:24:50.815Z  [API  ]  200 OK (113ms)
2026-06-19T08:24:50.815Z  [API  ]  200 OK (94ms)
2026-06-19T08:24:50.869Z  [SCORE]  path_provider → 59 (stable) [rv=38 eg=50 pop=100 pt=-5 pq=10]
2026-06-19T08:24:50.869Z  [INFO ]  [23/26] riverpod_annotation
2026-06-19T08:24:50.869Z  [CACHE]  MISS pub.info.riverpod_annotation
2026-06-19T08:24:50.869Z  [API  ]  GET https://pub.dev/api/packages/riverpod_annotation
2026-06-19T08:24:50.879Z  [CACHE]  MISS pub.metrics.riverpod_annotation
2026-06-19T08:24:50.879Z  [API  ]  GET https://pub.dev/api/packages/riverpod_annotation/metrics
2026-06-19T08:24:50.890Z  [API  ]  GET https://pub.dev/api/packages/riverpod_annotation/score
2026-06-19T08:24:50.901Z  [CACHE]  HIT  pub.publisher.riverpod_annotation
2026-06-19T08:24:50.901Z  [CACHE]  MISS pub.reverseDeps.riverpod_annotation
2026-06-19T08:24:50.901Z  [API  ]  GET https://pub.dev/packages?q=dependency%3Ariverpod_annotation
2026-06-19T08:24:51.282Z  [API  ]  200 OK (392ms)
2026-06-19T08:24:51.301Z  [API  ]  200 OK (422ms)
2026-06-19T08:24:51.314Z  [API  ]  200 OK (413ms)
2026-06-19T08:24:51.330Z  [INFO ]  Retry 2/2 for https://api.github.com/repos/dart-lang/core/pulls?state=closed&per_page=100 (429, wait 1000ms)
2026-06-19T08:24:51.594Z  [API  ]  200 OK (725ms)
2026-06-19T08:24:51.736Z  [INFO ]  Retry 2/2 for https://api.github.com/repos/baseflow/flutter-permission-handler/issues?state=closed&since=2026-03-21T08:24:50.349Z&per_page=100 (429, wait 1000ms)
2026-06-19T08:24:51.752Z  [INFO ]  Retry 2/2 for https://api.github.com/repos/baseflow/flutter-permission-handler/issues?state=open&sort=comments&direction=desc&per_page=50 (429, wait 1000ms)
2026-06-19T08:24:51.756Z  [CACHE]  HIT  gh.rrousselGit.riverpod
2026-06-19T08:24:51.765Z  [CACHE]  MISS pub.archiveSize.riverpod_annotation
2026-06-19T08:24:51.766Z  [API  ]  HEAD https://pub.dev/api/archives/riverpod_annotation-4.0.3.tar.gz
2026-06-19T08:24:51.775Z  [CACHE]  MISS pub.tarball.g7rp9m
2026-06-19T08:24:51.775Z  [API  ]  GET https://pub.dev/api/archives/riverpod_annotation-4.0.3.tar.gz
2026-06-19T08:24:51.788Z  [INFO ]  Retry 2/2 for https://api.github.com/repos/baseflow/flutter-permission-handler/pulls?state=open&per_page=100 (429, wait 1000ms)
2026-06-19T08:24:51.788Z  [INFO ]  Retry 2/2 for https://api.github.com/repos/baseflow/flutter-permission-handler (429, wait 1000ms)
2026-06-19T08:24:51.791Z  [INFO ]  Retry 2/2 for https://api.github.com/repos/baseflow/flutter-permission-handler/pulls?state=closed&per_page=100 (429, wait 1000ms)
2026-06-19T08:24:52.096Z  [API  ]  200 OK (330ms)
2026-06-19T08:24:52.096Z  [API  ]  200 OK (321ms)
2026-06-19T08:24:52.508Z  [API  ]  403 rate limit exceeded (2596ms)
2026-06-19T08:24:52.508Z  [API  ]  403 rate limit exceeded (2596ms)
2026-06-19T08:24:52.508Z  [API  ]  429 too many requests (2596ms)
2026-06-19T08:24:52.508Z  [API  ]  403 rate limit exceeded (2596ms)
2026-06-19T08:24:52.508Z  [API  ]  403 rate limit exceeded (2596ms)
2026-06-19T08:24:52.508Z  [CACHE]  MISS pub.archiveSize.path
2026-06-19T08:24:52.508Z  [API  ]  HEAD https://pub.dev/api/archives/path-1.9.1.tar.gz
2026-06-19T08:24:52.517Z  [CACHE]  MISS pub.tarball.2ii6qs
2026-06-19T08:24:52.517Z  [API  ]  GET https://pub.dev/api/archives/path-1.9.1.tar.gz
2026-06-19T08:24:52.615Z  [API  ]  200 OK (98ms)
2026-06-19T08:24:52.968Z  [API  ]  200 OK (460ms)
2026-06-19T08:24:52.986Z  [SCORE]  path → 15 (outdated) [rv=0 eg=0 pop=50 pt=-5 pq=10]
2026-06-19T08:24:52.986Z  [CACHE]  MISS pub.search.file-system
2026-06-19T08:24:52.986Z  [API  ]  GET https://pub.dev/api/search?q=topic%3Afile-system&sort=popularity
2026-06-19T08:24:53.012Z  [API  ]  429 too many requests (2663ms)
2026-06-19T08:24:53.012Z  [API  ]  429 too many requests (2663ms)
2026-06-19T08:24:53.012Z  [API  ]  429 too many requests (2663ms)
2026-06-19T08:24:53.012Z  [API  ]  429 too many requests (2663ms)
2026-06-19T08:24:53.012Z  [API  ]  429 too many requests (2663ms)
2026-06-19T08:24:53.023Z  [CACHE]  MISS pub.archiveSize.permission_handler
2026-06-19T08:24:53.024Z  [API  ]  HEAD https://pub.dev/api/archives/permission_handler-12.0.3.tar.gz
2026-06-19T08:24:53.036Z  [CACHE]  MISS pub.tarball.2v5hoi
2026-06-19T08:24:53.036Z  [API  ]  GET https://pub.dev/api/archives/permission_handler-12.0.3.tar.gz
2026-06-19T08:24:53.121Z  [API  ]  200 OK (97ms)
2026-06-19T08:24:53.129Z  [API  ]  200 OK (93ms)
2026-06-19T08:24:53.728Z  [API  ]  200 OK (742ms)
2026-06-19T08:24:54.482Z  [INFO ]  [24/26] riverpod_generator
2026-06-19T08:24:54.482Z  [CACHE]  MISS pub.info.riverpod_generator
2026-06-19T08:24:54.482Z  [API  ]  GET https://pub.dev/api/packages/riverpod_generator
2026-06-19T08:24:54.493Z  [CACHE]  MISS pub.metrics.riverpod_generator
2026-06-19T08:24:54.493Z  [API  ]  GET https://pub.dev/api/packages/riverpod_generator/metrics
2026-06-19T08:24:54.503Z  [API  ]  GET https://pub.dev/api/packages/riverpod_generator/score
2026-06-19T08:24:54.514Z  [CACHE]  HIT  pub.publisher.riverpod_generator
2026-06-19T08:24:54.514Z  [CACHE]  MISS pub.reverseDeps.riverpod_generator
2026-06-19T08:24:54.514Z  [API  ]  GET https://pub.dev/packages?q=dependency%3Ariverpod_generator
2026-06-19T08:24:54.684Z  [SCORE]  riverpod_annotation → 77.5 (vibrant) [rv=96 eg=70.9041095890411 pop=90.625 pt=-5 pq=8.125]
2026-06-19T08:24:54.684Z  [INFO ]  [25/26] sqlite3_flutter_libs
2026-06-19T08:24:54.684Z  [CACHE]  MISS pub.info.sqlite3_flutter_libs
2026-06-19T08:24:54.684Z  [API  ]  GET https://pub.dev/api/packages/sqlite3_flutter_libs
2026-06-19T08:24:54.693Z  [CACHE]  MISS pub.metrics.sqlite3_flutter_libs
2026-06-19T08:24:54.693Z  [API  ]  GET https://pub.dev/api/packages/sqlite3_flutter_libs/metrics
2026-06-19T08:24:54.703Z  [API  ]  GET https://pub.dev/api/packages/sqlite3_flutter_libs/score
2026-06-19T08:24:54.713Z  [CACHE]  HIT  pub.publisher.sqlite3_flutter_libs
2026-06-19T08:24:54.713Z  [CACHE]  MISS pub.reverseDeps.sqlite3_flutter_libs
2026-06-19T08:24:54.713Z  [API  ]  GET https://pub.dev/packages?q=dependency%3Asqlite3_flutter_libs
2026-06-19T08:24:54.804Z  [SCORE]  permission_handler → 81.7 (vibrant) [rv=95.34246575342466 eg=47.67123287671233 pop=50 pt=-5 pq=10]
2026-06-19T08:24:54.804Z  [INFO ]  [26/26] uuid
2026-06-19T08:24:54.804Z  [INFO ]  Known issue: active
2026-06-19T08:24:54.804Z  [CACHE]  MISS pub.info.uuid
2026-06-19T08:24:54.804Z  [API  ]  GET https://pub.dev/api/packages/uuid
2026-06-19T08:24:54.817Z  [CACHE]  MISS pub.metrics.uuid
2026-06-19T08:24:54.817Z  [API  ]  GET https://pub.dev/api/packages/uuid/metrics
2026-06-19T08:24:54.830Z  [API  ]  GET https://pub.dev/api/packages/uuid/score
2026-06-19T08:24:54.839Z  [CACHE]  HIT  pub.publisher.uuid
2026-06-19T08:24:54.840Z  [CACHE]  MISS pub.reverseDeps.uuid
2026-06-19T08:24:54.840Z  [API  ]  GET https://pub.dev/packages?q=dependency%3Auuid
2026-06-19T08:24:54.893Z  [API  ]  200 OK (411ms)
2026-06-19T08:24:54.896Z  [API  ]  200 OK (403ms)
2026-06-19T08:24:55.042Z  [API  ]  200 OK (358ms)
2026-06-19T08:24:55.206Z  [API  ]  200 OK (703ms)
2026-06-19T08:24:55.206Z  [API  ]  200 OK (402ms)
2026-06-19T08:24:55.267Z  [API  ]  200 OK (753ms)
2026-06-19T08:24:55.274Z  [CACHE]  HIT  gh.rrousselGit.riverpod
2026-06-19T08:24:55.284Z  [CACHE]  MISS pub.archiveSize.riverpod_generator
2026-06-19T08:24:55.284Z  [API  ]  GET https://pub.dev/api/packages/riverpod_generator
2026-06-19T08:24:55.294Z  [API  ]  GET https://pub.dev/api/packages/riverpod_generator
2026-06-19T08:24:55.381Z  [API  ]  200 OK (87ms)
2026-06-19T08:24:55.381Z  [API  ]  200 OK (97ms)
2026-06-19T08:24:55.388Z  [API  ]  HEAD https://pub.dev/api/archives/riverpod_generator-4.0.4.tar.gz
2026-06-19T08:24:55.400Z  [CACHE]  MISS pub.tarball.3fnnkx
2026-06-19T08:24:55.400Z  [API  ]  GET https://pub.dev/api/archives/riverpod_generator-4.0.4.tar.gz
2026-06-19T08:24:55.541Z  [API  ]  200 OK (848ms)
2026-06-19T08:24:55.547Z  [API  ]  200 OK (844ms)
2026-06-19T08:24:55.559Z  [API  ]  200 OK (729ms)
2026-06-19T08:24:55.585Z  [API  ]  200 OK (872ms)
2026-06-19T08:24:55.586Z  [API  ]  200 OK (769ms)
2026-06-19T08:24:55.588Z  [CACHE]  MISS gh.simolus3.sqlite3
2026-06-19T08:24:55.588Z  [API  ]  GET https://api.github.com/repos/simolus3/sqlite3
2026-06-19T08:24:55.588Z  [API  ]  GET https://api.github.com/repos/simolus3/sqlite3/issues?state=closed&since=2026-03-21T08:24:55.588Z&per_page=100
2026-06-19T08:24:55.588Z  [API  ]  GET https://api.github.com/repos/simolus3/sqlite3/pulls?state=closed&per_page=100
2026-06-19T08:24:55.588Z  [API  ]  GET https://api.github.com/repos/simolus3/sqlite3/issues?state=open&sort=comments&direction=desc&per_page=50
2026-06-19T08:24:55.588Z  [API  ]  GET https://api.github.com/repos/simolus3/sqlite3/pulls?state=open&per_page=100
2026-06-19T08:24:55.651Z  [API  ]  200 OK (811ms)
2026-06-19T08:24:55.669Z  [CACHE]  MISS gh.Daegalus.dart-uuid
2026-06-19T08:24:55.669Z  [API  ]  GET https://api.github.com/repos/Daegalus/dart-uuid
2026-06-19T08:24:55.669Z  [API  ]  GET https://api.github.com/repos/Daegalus/dart-uuid/issues?state=closed&since=2026-03-21T08:24:55.669Z&per_page=100
2026-06-19T08:24:55.669Z  [API  ]  GET https://api.github.com/repos/Daegalus/dart-uuid/pulls?state=closed&per_page=100
2026-06-19T08:24:55.669Z  [API  ]  GET https://api.github.com/repos/Daegalus/dart-uuid/issues?state=open&sort=comments&direction=desc&per_page=50
2026-06-19T08:24:55.669Z  [API  ]  GET https://api.github.com/repos/Daegalus/dart-uuid/pulls?state=open&per_page=100
2026-06-19T08:24:55.773Z  [API  ]  200 OK (385ms)
2026-06-19T08:24:55.774Z  [API  ]  200 OK (374ms)
2026-06-19T08:24:55.815Z  [API  ]  403 rate limit exceeded (227ms)
2026-06-19T08:24:55.815Z  [API  ]  403 rate limit exceeded (227ms)
2026-06-19T08:24:55.815Z  [API  ]  403 rate limit exceeded (227ms)
2026-06-19T08:24:55.815Z  [API  ]  403 rate limit exceeded (227ms)
2026-06-19T08:24:55.815Z  [API  ]  403 rate limit exceeded (227ms)
2026-06-19T08:24:55.824Z  [CACHE]  MISS pub.archiveSize.sqlite3_flutter_libs
2026-06-19T08:24:55.825Z  [API  ]  HEAD https://pub.dev/api/archives/sqlite3_flutter_libs-0.6.0%2Beol.tar.gz
2026-06-19T08:24:55.834Z  [CACHE]  MISS pub.tarball.8o3np4
2026-06-19T08:24:55.834Z  [API  ]  GET https://pub.dev/api/archives/sqlite3_flutter_libs-0.6.0%2Beol.tar.gz
2026-06-19T08:24:55.911Z  [SCORE]  riverpod_generator → 80 (vibrant) [rv=96 eg=70.9041095890411 pop=90.625 pt=-5 pq=8.125]
2026-06-19T08:24:56.001Z  [API  ]  200 OK (167ms)
2026-06-19T08:24:56.253Z  [API  ]  200 OK (428ms)
2026-06-19T08:24:56.253Z  [API  ]  403 rate limit exceeded (584ms)
2026-06-19T08:24:56.253Z  [API  ]  403 rate limit exceeded (584ms)
2026-06-19T08:24:56.253Z  [API  ]  403 rate limit exceeded (584ms)
2026-06-19T08:24:56.253Z  [API  ]  403 rate limit exceeded (584ms)
2026-06-19T08:24:56.253Z  [API  ]  403 rate limit exceeded (584ms)
2026-06-19T08:24:56.253Z  [CACHE]  MISS pub.archiveSize.uuid
2026-06-19T08:24:56.253Z  [API  ]  HEAD https://pub.dev/api/archives/uuid-4.5.3.tar.gz
2026-06-19T08:24:56.266Z  [CACHE]  MISS pub.tarball.541rkj
2026-06-19T08:24:56.266Z  [API  ]  GET https://pub.dev/api/archives/uuid-4.5.3.tar.gz
2026-06-19T08:24:56.390Z  [API  ]  200 OK (124ms)
2026-06-19T08:24:56.391Z  [API  ]  200 OK (138ms)
2026-06-19T08:24:56.428Z  [SCORE]  uuid → 65.1 (stable) [rv=67.94520547945206 eg=33.97260273972603 pop=50 pt=-5 pq=10]
2026-06-19T08:24:56.598Z  [SCORE]  sqlite3_flutter_libs → 55.5 (stable) [rv=66.30136986301369 eg=33.150684931506845 pop=46.875 pt=-5 pq=9.375]
2026-06-19T08:24:57.821Z  [ERROR]  Blocker analysis skipped — CLI commands failed — pub outdated: Command failed: dart pub outdated --json --transitive
'dart' is not recognized as an internal or external command,
operable program or batch file.
 | pub deps: Command failed: dart pub deps --json
'dart' is not recognized as an internal or external command,
operable program or batch file.

2026-06-19T08:24:57.872Z  [CACHE]  MISS osv.vulns.build_runner.2.5.4
2026-06-19T08:24:57.872Z  [CACHE]  MISS osv.vulns.drift.2.28.2
2026-06-19T08:24:57.872Z  [CACHE]  MISS osv.vulns.drift_dev.2.28.0
2026-06-19T08:24:57.872Z  [CACHE]  MISS osv.vulns.fl_chart.0.65.0
2026-06-19T08:24:57.872Z  [CACHE]  MISS osv.vulns.flutter_blue_plus.1.36.8
2026-06-19T08:24:57.872Z  [CACHE]  MISS osv.vulns.flutter_dotenv.5.2.1
2026-06-19T08:24:57.872Z  [CACHE]  MISS osv.vulns.flutter_hooks.0.20.5
2026-06-19T08:24:57.872Z  [CACHE]  MISS osv.vulns.flutter_lints.3.0.2
2026-06-19T08:24:57.872Z  [CACHE]  MISS osv.vulns.flutter_riverpod.2.6.1
2026-06-19T08:24:57.872Z  [CACHE]  MISS osv.vulns.freezed.2.5.8
2026-06-19T08:24:57.872Z  [CACHE]  MISS osv.vulns.freezed_annotation.2.4.4
2026-06-19T08:24:57.872Z  [CACHE]  MISS osv.vulns.go_router.12.1.3
2026-06-19T08:24:57.872Z  [CACHE]  MISS osv.vulns.google_fonts.6.3.2
2026-06-19T08:24:57.872Z  [CACHE]  MISS osv.vulns.hooks_riverpod.2.6.1
2026-06-19T08:24:57.872Z  [CACHE]  MISS osv.vulns.http.1.5.0
2026-06-19T08:24:57.872Z  [CACHE]  MISS osv.vulns.intl.0.19.0
2026-06-19T08:24:57.872Z  [CACHE]  MISS osv.vulns.json_annotation.4.9.0
2026-06-19T08:24:57.872Z  [CACHE]  MISS osv.vulns.json_serializable.6.9.5
2026-06-19T08:24:57.872Z  [CACHE]  MISS osv.vulns.mockito.5.4.6
2026-06-19T08:24:57.872Z  [CACHE]  MISS osv.vulns.path.1.9.1
2026-06-19T08:24:57.872Z  [CACHE]  MISS osv.vulns.path_provider.2.1.5
2026-06-19T08:24:57.872Z  [CACHE]  MISS osv.vulns.permission_handler.11.4.0
2026-06-19T08:24:57.872Z  [CACHE]  MISS osv.vulns.riverpod_annotation.2.6.1
2026-06-19T08:24:57.872Z  [CACHE]  MISS osv.vulns.riverpod_generator.2.6.4
2026-06-19T08:24:57.872Z  [CACHE]  MISS osv.vulns.sqlite3_flutter_libs.0.5.40
2026-06-19T08:24:57.872Z  [CACHE]  MISS osv.vulns.uuid.4.5.2
2026-06-19T08:24:57.872Z  [API  ]  POST https://api.osv.dev/v1/querybatch
2026-06-19T08:24:57.886Z  [CACHE]  MISS ghsa.vulns.build_runner.2.5.4
2026-06-19T08:24:57.886Z  [CACHE]  MISS ghsa.vulns.drift.2.28.2
2026-06-19T08:24:57.886Z  [CACHE]  MISS ghsa.vulns.drift_dev.2.28.0
2026-06-19T08:24:57.886Z  [CACHE]  MISS ghsa.vulns.fl_chart.0.65.0
2026-06-19T08:24:57.886Z  [CACHE]  MISS ghsa.vulns.flutter_blue_plus.1.36.8
2026-06-19T08:24:57.886Z  [CACHE]  MISS ghsa.vulns.flutter_dotenv.5.2.1
2026-06-19T08:24:57.886Z  [CACHE]  MISS ghsa.vulns.flutter_hooks.0.20.5
2026-06-19T08:24:57.886Z  [CACHE]  MISS ghsa.vulns.flutter_lints.3.0.2
2026-06-19T08:24:57.886Z  [CACHE]  MISS ghsa.vulns.flutter_riverpod.2.6.1
2026-06-19T08:24:57.886Z  [CACHE]  MISS ghsa.vulns.freezed.2.5.8
2026-06-19T08:24:57.886Z  [CACHE]  MISS ghsa.vulns.freezed_annotation.2.4.4
2026-06-19T08:24:57.886Z  [CACHE]  MISS ghsa.vulns.go_router.12.1.3
2026-06-19T08:24:57.886Z  [CACHE]  MISS ghsa.vulns.google_fonts.6.3.2
2026-06-19T08:24:57.886Z  [CACHE]  MISS ghsa.vulns.hooks_riverpod.2.6.1
2026-06-19T08:24:57.886Z  [CACHE]  MISS ghsa.vulns.http.1.5.0
2026-06-19T08:24:57.886Z  [CACHE]  MISS ghsa.vulns.intl.0.19.0
2026-06-19T08:24:57.886Z  [CACHE]  MISS ghsa.vulns.json_annotation.4.9.0
2026-06-19T08:24:57.886Z  [CACHE]  MISS ghsa.vulns.json_serializable.6.9.5
2026-06-19T08:24:57.886Z  [CACHE]  MISS ghsa.vulns.mockito.5.4.6
2026-06-19T08:24:57.886Z  [CACHE]  MISS ghsa.vulns.path.1.9.1
2026-06-19T08:24:57.886Z  [CACHE]  MISS ghsa.vulns.path_provider.2.1.5
2026-06-19T08:24:57.886Z  [CACHE]  MISS ghsa.vulns.permission_handler.11.4.0
2026-06-19T08:24:57.886Z  [CACHE]  MISS ghsa.vulns.riverpod_annotation.2.6.1
2026-06-19T08:24:57.886Z  [CACHE]  MISS ghsa.vulns.riverpod_generator.2.6.4
2026-06-19T08:24:57.886Z  [CACHE]  MISS ghsa.vulns.sqlite3_flutter_libs.0.5.40
2026-06-19T08:24:57.886Z  [CACHE]  MISS ghsa.vulns.uuid.4.5.2
2026-06-19T08:24:57.886Z  [API  ]  GET https://api.github.com/advisories?ecosystem=pub&package=build_runner&affects=2.5.4&per_page=100
2026-06-19T08:24:57.902Z  [API  ]  GET https://api.github.com/advisories?ecosystem=pub&package=drift&affects=2.28.2&per_page=100
2026-06-19T08:24:57.916Z  [API  ]  GET https://api.github.com/advisories?ecosystem=pub&package=drift_dev&affects=2.28.0&per_page=100
2026-06-19T08:24:57.931Z  [API  ]  GET https://api.github.com/advisories?ecosystem=pub&package=fl_chart&affects=0.65.0&per_page=100
2026-06-19T08:24:57.945Z  [API  ]  GET https://api.github.com/advisories?ecosystem=pub&package=flutter_blue_plus&affects=1.36.8&per_page=100
2026-06-19T08:24:58.132Z  [API  ]  403 rate limit exceeded (230ms)
2026-06-19T08:24:58.132Z  [ERROR]  GitHub Advisory query failed for drift: 403
2026-06-19T08:24:58.132Z  [API  ]  403 rate limit exceeded (187ms)
2026-06-19T08:24:58.132Z  [ERROR]  GitHub Advisory query failed for flutter_blue_plus: 403
2026-06-19T08:24:58.132Z  [API  ]  403 rate limit exceeded (201ms)
2026-06-19T08:24:58.132Z  [ERROR]  GitHub Advisory query failed for fl_chart: 403
2026-06-19T08:24:58.133Z  [API  ]  403 rate limit exceeded (247ms)
2026-06-19T08:24:58.133Z  [ERROR]  GitHub Advisory query failed for build_runner: 403
2026-06-19T08:24:58.140Z  [API  ]  403 rate limit exceeded (224ms)
2026-06-19T08:24:58.140Z  [ERROR]  GitHub Advisory query failed for drift_dev: 403
2026-06-19T08:24:58.140Z  [API  ]  GET https://api.github.com/advisories?ecosystem=pub&package=flutter_dotenv&affects=5.2.1&per_page=100
2026-06-19T08:24:58.152Z  [API  ]  GET https://api.github.com/advisories?ecosystem=pub&package=flutter_hooks&affects=0.20.5&per_page=100
2026-06-19T08:24:58.163Z  [API  ]  GET https://api.github.com/advisories?ecosystem=pub&package=flutter_lints&affects=3.0.2&per_page=100
2026-06-19T08:24:58.175Z  [API  ]  GET https://api.github.com/advisories?ecosystem=pub&package=flutter_riverpod&affects=2.6.1&per_page=100
2026-06-19T08:24:58.187Z  [API  ]  GET https://api.github.com/advisories?ecosystem=pub&package=freezed&affects=2.5.8&per_page=100
2026-06-19T08:24:58.362Z  [API  ]  403 rate limit exceeded (198ms)
2026-06-19T08:24:58.362Z  [ERROR]  GitHub Advisory query failed for flutter_lints: 403
2026-06-19T08:24:58.362Z  [API  ]  403 rate limit exceeded (175ms)
2026-06-19T08:24:58.362Z  [ERROR]  GitHub Advisory query failed for freezed: 403
2026-06-19T08:24:58.363Z  [API  ]  403 rate limit exceeded (211ms)
2026-06-19T08:24:58.363Z  [ERROR]  GitHub Advisory query failed for flutter_hooks: 403
2026-06-19T08:24:58.363Z  [API  ]  403 rate limit exceeded (188ms)
2026-06-19T08:24:58.363Z  [ERROR]  GitHub Advisory query failed for flutter_riverpod: 403
2026-06-19T08:24:58.369Z  [API  ]  403 rate limit exceeded (229ms)
2026-06-19T08:24:58.369Z  [ERROR]  GitHub Advisory query failed for flutter_dotenv: 403
2026-06-19T08:24:58.369Z  [API  ]  GET https://api.github.com/advisories?ecosystem=pub&package=freezed_annotation&affects=2.4.4&per_page=100
2026-06-19T08:24:58.385Z  [API  ]  GET https://api.github.com/advisories?ecosystem=pub&package=go_router&affects=12.1.3&per_page=100
2026-06-19T08:24:58.399Z  [API  ]  GET https://api.github.com/advisories?ecosystem=pub&package=google_fonts&affects=6.3.2&per_page=100
2026-06-19T08:24:58.413Z  [API  ]  GET https://api.github.com/advisories?ecosystem=pub&package=hooks_riverpod&affects=2.6.1&per_page=100
2026-06-19T08:24:58.425Z  [API  ]  GET https://api.github.com/advisories?ecosystem=pub&package=http&affects=1.5.0&per_page=100
2026-06-19T08:24:58.601Z  [API  ]  403 rate limit exceeded (232ms)
2026-06-19T08:24:58.601Z  [ERROR]  GitHub Advisory query failed for freezed_annotation: 403
2026-06-19T08:24:58.601Z  [API  ]  403 rate limit exceeded (202ms)
2026-06-19T08:24:58.601Z  [ERROR]  GitHub Advisory query failed for google_fonts: 403
2026-06-19T08:24:58.601Z  [API  ]  403 rate limit exceeded (176ms)
2026-06-19T08:24:58.601Z  [ERROR]  GitHub Advisory query failed for http: 403
2026-06-19T08:24:58.601Z  [API  ]  403 rate limit exceeded (188ms)
2026-06-19T08:24:58.601Z  [ERROR]  GitHub Advisory query failed for hooks_riverpod: 403
2026-06-19T08:24:58.613Z  [API  ]  403 rate limit exceeded (228ms)
2026-06-19T08:24:58.613Z  [ERROR]  GitHub Advisory query failed for go_router: 403
2026-06-19T08:24:58.614Z  [API  ]  GET https://api.github.com/advisories?ecosystem=pub&package=intl&affects=0.19.0&per_page=100
2026-06-19T08:24:58.628Z  [API  ]  GET https://api.github.com/advisories?ecosystem=pub&package=json_annotation&affects=4.9.0&per_page=100
2026-06-19T08:24:58.641Z  [API  ]  GET https://api.github.com/advisories?ecosystem=pub&package=json_serializable&affects=6.9.5&per_page=100
2026-06-19T08:24:58.656Z  [API  ]  GET https://api.github.com/advisories?ecosystem=pub&package=mockito&affects=5.4.6&per_page=100
2026-06-19T08:24:58.669Z  [API  ]  GET https://api.github.com/advisories?ecosystem=pub&package=path&affects=1.9.1&per_page=100
2026-06-19T08:24:58.846Z  [API  ]  403 rate limit exceeded (205ms)
2026-06-19T08:24:58.846Z  [ERROR]  GitHub Advisory query failed for json_serializable: 403
2026-06-19T08:24:58.850Z  [API  ]  403 rate limit exceeded (181ms)
2026-06-19T08:24:58.850Z  [ERROR]  GitHub Advisory query failed for path: 403
2026-06-19T08:24:58.850Z  [API  ]  403 rate limit exceeded (222ms)
2026-06-19T08:24:58.850Z  [ERROR]  GitHub Advisory query failed for json_annotation: 403
2026-06-19T08:24:58.856Z  [API  ]  403 rate limit exceeded (242ms)
2026-06-19T08:24:58.856Z  [ERROR]  GitHub Advisory query failed for intl: 403
2026-06-19T08:24:58.856Z  [API  ]  403 rate limit exceeded (200ms)
2026-06-19T08:24:58.856Z  [ERROR]  GitHub Advisory query failed for mockito: 403
2026-06-19T08:24:58.856Z  [API  ]  GET https://api.github.com/advisories?ecosystem=pub&package=path_provider&affects=2.1.5&per_page=100
2026-06-19T08:24:58.872Z  [API  ]  GET https://api.github.com/advisories?ecosystem=pub&package=permission_handler&affects=11.4.0&per_page=100
2026-06-19T08:24:58.887Z  [API  ]  GET https://api.github.com/advisories?ecosystem=pub&package=riverpod_annotation&affects=2.6.1&per_page=100
2026-06-19T08:24:58.900Z  [API  ]  GET https://api.github.com/advisories?ecosystem=pub&package=riverpod_generator&affects=2.6.4&per_page=100
2026-06-19T08:24:58.913Z  [API  ]  GET https://api.github.com/advisories?ecosystem=pub&package=sqlite3_flutter_libs&affects=0.5.40&per_page=100
2026-06-19T08:24:59.088Z  [API  ]  403 rate limit exceeded (232ms)
2026-06-19T08:24:59.088Z  [ERROR]  GitHub Advisory query failed for path_provider: 403
2026-06-19T08:24:59.088Z  [API  ]  403 rate limit exceeded (201ms)
2026-06-19T08:24:59.088Z  [ERROR]  GitHub Advisory query failed for riverpod_annotation: 403
2026-06-19T08:24:59.094Z  [API  ]  403 rate limit exceeded (181ms)
2026-06-19T08:24:59.094Z  [ERROR]  GitHub Advisory query failed for sqlite3_flutter_libs: 403
2026-06-19T08:24:59.094Z  [API  ]  403 rate limit exceeded (194ms)
2026-06-19T08:24:59.094Z  [ERROR]  GitHub Advisory query failed for riverpod_generator: 403
2026-06-19T08:24:59.103Z  [API  ]  403 rate limit exceeded (231ms)
2026-06-19T08:24:59.103Z  [ERROR]  GitHub Advisory query failed for permission_handler: 403
2026-06-19T08:24:59.103Z  [API  ]  GET https://api.github.com/advisories?ecosystem=pub&package=uuid&affects=4.5.2&per_page=100
2026-06-19T08:24:59.281Z  [API  ]  403 rate limit exceeded (178ms)
2026-06-19T08:24:59.281Z  [ERROR]  GitHub Advisory query failed for uuid: 403
2026-06-19T08:24:59.799Z  [API  ]  200 OK (1927ms)
2026-06-19T08:24:59.916Z  [INFO ]  Scan complete — 35851ms — vibrant:12 stable:10 outdated:3 abandoned:0 eol:1
